Traceback (most recent call last):
  File "/usr/share/miniconda/envs/rocket-env/lib/python3.8/site-packages/jupyter_cache/executors/utils.py", line 51, in single_nb_execution
    executenb(
  File "/usr/share/miniconda/envs/rocket-env/lib/python3.8/site-packages/nbclient/client.py", line 1087, in execute
    return NotebookClient(nb=nb, resources=resources, km=km, **kwargs).execute()
  File "/usr/share/miniconda/envs/rocket-env/lib/python3.8/site-packages/nbclient/util.py", line 74, in wrapped
    return just_run(coro(*args, **kwargs))
  File "/usr/share/miniconda/envs/rocket-env/lib/python3.8/site-packages/nbclient/util.py", line 53, in just_run
    return loop.run_until_complete(coro)
  File "/usr/share/miniconda/envs/rocket-env/lib/python3.8/asyncio/base_events.py", line 616, in run_until_complete
    return future.result()
  File "/usr/share/miniconda/envs/rocket-env/lib/python3.8/site-packages/nbclient/client.py", line 540, in async_execute
    await self.async_execute_cell(
  File "/usr/share/miniconda/envs/rocket-env/lib/python3.8/site-packages/nbclient/client.py", line 832, in async_execute_cell
    self._check_raise_for_error(cell, exec_reply)
  File "/usr/share/miniconda/envs/rocket-env/lib/python3.8/site-packages/nbclient/client.py", line 740, in _check_raise_for_error
    raise CellExecutionError.from_cell_and_msg(cell, exec_reply['content'])
nbclient.exceptions.CellExecutionError: An error occurred while executing the following cell:
------------------
# Thrust at sea level
thrust_coeff_sea_level = thrust_coeff + area_ratio * (
    1/pressure_ratio - 101325/chamber_pressure
    )
thrust_sea_level = thrust_coeff_sea_level * chamber_pressure * throat_area
print(f'Thrust at sea level: {thrust_sea_level/1000: .1f} kN')
------------------

[0;31m---------------------------------------------------------------------------[0m
[0;31mDimensionalityError[0m                       Traceback (most recent call last)
[0;32m<ipython-input-18-0bc5be192ec2>[0m in [0;36m<module>[0;34m[0m
[1;32m      1[0m [0;31m# Thrust at sea level[0m[0;34m[0m[0;34m[0m[0;34m[0m[0m
[1;32m      2[0m thrust_coeff_sea_level = thrust_coeff + area_ratio * (
[0;32m----> 3[0;31m     [0;36m1[0m[0;34m/[0m[0mpressure_ratio[0m [0;34m-[0m [0;36m101325[0m[0;34m/[0m[0mchamber_pressure[0m[0;34m[0m[0;34m[0m[0m
[0m[1;32m      4[0m     )
[1;32m      5[0m [0mthrust_sea_level[0m [0;34m=[0m [0mthrust_coeff_sea_level[0m [0;34m*[0m [0mchamber_pressure[0m [0;34m*[0m [0mthroat_area[0m[0;34m[0m[0;34m[0m[0m

[0;32m/usr/share/miniconda/envs/rocket-env/lib/python3.8/site-packages/pint/quantity.py[0m in [0;36m__sub__[0;34m(self, other)[0m
[1;32m   1088[0m [0;34m[0m[0m
[1;32m   1089[0m     [0;32mdef[0m [0m__sub__[0m[0;34m([0m[0mself[0m[0;34m,[0m [0mother[0m[0;34m)[0m[0;34m:[0m[0;34m[0m[0;34m[0m[0m
[0;32m-> 1090[0;31m         [0;32mreturn[0m [0mself[0m[0;34m.[0m[0m_add_sub[0m[0;34m([0m[0mother[0m[0;34m,[0m [0moperator[0m[0;34m.[0m[0msub[0m[0;34m)[0m[0;34m[0m[0;34m[0m[0m
[0m[1;32m   1091[0m [0;34m[0m[0m
[1;32m   1092[0m     [0;32mdef[0m [0m__rsub__[0m[0;34m([0m[0mself[0m[0;34m,[0m [0mother[0m[0;34m)[0m[0;34m:[0m[0;34m[0m[0;34m[0m[0m

[0;32m/usr/share/miniconda/envs/rocket-env/lib/python3.8/site-packages/pint/quantity.py[0m in [0;36mwrapped[0;34m(self, *args, **kwargs)[0m
[1;32m    113[0m         [0;32melif[0m [0misinstance[0m[0;34m([0m[0mother[0m[0;34m,[0m [0mlist[0m[0;34m)[0m [0;32mand[0m [0mother[0m [0;32mand[0m [0misinstance[0m[0;34m([0m[0mother[0m[0;34m[[0m[0;36m0[0m[0;34m][0m[0;34m,[0m [0mtype[0m[0;34m([0m[0mself[0m[0;34m)[0m[0;34m)[0m[0;34m:[0m[0;34m[0m[0;34m[0m[0m
[1;32m    114[0m             [0;32mreturn[0m [0mNotImplemented[0m[0;34m[0m[0;34m[0m[0m
[0;32m--> 115[0;31m         [0;32mreturn[0m [0mf[0m[0;34m([0m[0mself[0m[0;34m,[0m [0;34m*[0m[0margs[0m[0;34m,[0m [0;34m**[0m[0mkwargs[0m[0;34m)[0m[0;34m[0m[0;34m[0m[0m
[0m[1;32m    116[0m [0;34m[0m[0m
[1;32m    117[0m     [0;32mreturn[0m [0mwrapped[0m[0;34m[0m[0;34m[0m[0m

[0;32m/usr/share/miniconda/envs/rocket-env/lib/python3.8/site-packages/pint/quantity.py[0m in [0;36m_add_sub[0;34m(self, other, op)[0m
[1;32m    987[0m [0;34m[0m[0m
[1;32m    988[0m         [0;32mif[0m [0;32mnot[0m [0mself[0m[0;34m.[0m[0mdimensionality[0m [0;34m==[0m [0mother[0m[0;34m.[0m[0mdimensionality[0m[0;34m:[0m[0;34m[0m[0;34m[0m[0m
[0;32m--> 989[0;31m             raise DimensionalityError(
[0m[1;32m    990[0m                 [0mself[0m[0;34m.[0m[0m_units[0m[0;34m,[0m [0mother[0m[0;34m.[0m[0m_units[0m[0;34m,[0m [0mself[0m[0;34m.[0m[0mdimensionality[0m[0;34m,[0m [0mother[0m[0;34m.[0m[0mdimensionality[0m[0;34m[0m[0;34m[0m[0m
[1;32m    991[0m             )

[0;31mDimensionalityError[0m: Cannot convert from 'pascal / bar' (dimensionless) to '1 / bar' ([length] * [time] ** 2 / [mass])
DimensionalityError: Cannot convert from 'pascal / bar' (dimensionless) to '1 / bar' ([length] * [time] ** 2 / [mass])

