Traceback (most recent call last):
  File "/usr/share/miniconda/envs/rocket-env/lib/python3.8/site-packages/jupyter_cache/executors/utils.py", line 51, in single_nb_execution
    executenb(
  File "/usr/share/miniconda/envs/rocket-env/lib/python3.8/site-packages/nbclient/client.py", line 1087, in execute
    return NotebookClient(nb=nb, resources=resources, km=km, **kwargs).execute()
  File "/usr/share/miniconda/envs/rocket-env/lib/python3.8/site-packages/nbclient/util.py", line 74, in wrapped
    return just_run(coro(*args, **kwargs))
  File "/usr/share/miniconda/envs/rocket-env/lib/python3.8/site-packages/nbclient/util.py", line 53, in just_run
    return loop.run_until_complete(coro)
  File "/usr/share/miniconda/envs/rocket-env/lib/python3.8/asyncio/base_events.py", line 616, in run_until_complete
    return future.result()
  File "/usr/share/miniconda/envs/rocket-env/lib/python3.8/site-packages/nbclient/client.py", line 540, in async_execute
    await self.async_execute_cell(
  File "/usr/share/miniconda/envs/rocket-env/lib/python3.8/site-packages/nbclient/client.py", line 832, in async_execute_cell
    self._check_raise_for_error(cell, exec_reply)
  File "/usr/share/miniconda/envs/rocket-env/lib/python3.8/site-packages/nbclient/client.py", line 740, in _check_raise_for_error
    raise CellExecutionError.from_cell_and_msg(cell, exec_reply['content'])
nbclient.exceptions.CellExecutionError: An error occurred while executing the following cell:
------------------
o_f_ratio = 6.0

h2 = ct.Solution('test.yaml', 'liquid_hydrogen')
h2.TP = 20.270, 20477430

o2 = ct.Solution('test.yaml', 'liquid_oxygen')
o2.TP = 90.170, 20477430

molar_ratio = o_f_ratio / (o2.mean_molecular_weight / h2.mean_molecular_weight)
moles_ox = molar_ratio / (1 + molar_ratio)
moles_f = 1 - moles_ox

gas3 = ct.Solution('nasa_h2o2.cti', 'gas')

#full_species = {S.name: S for S in ct.Species.listFromFile('h2o2.yaml')}
#species = [full_species[S] for S in full_species if S != 'AR']
#gas3 = ct.Solution(thermo='IdealGas', species=species)

mix = ct.Mixture([(h2, moles_f), (o2, moles_ox), (gas3, 0)])
mix.equilibrate('HP')

gas3()
------------------

[0;31m---------------------------------------------------------------------------[0m
[0;31mCanteraError[0m                              Traceback (most recent call last)
[0;32m<ipython-input-10-1cfc9e96b34d>[0m in [0;36m<module>[0;34m[0m
[1;32m      1[0m [0mo_f_ratio[0m [0;34m=[0m [0;36m6.0[0m[0;34m[0m[0;34m[0m[0m
[1;32m      2[0m [0;34m[0m[0m
[0;32m----> 3[0;31m [0mh2[0m [0;34m=[0m [0mct[0m[0;34m.[0m[0mSolution[0m[0;34m([0m[0;34m'test.yaml'[0m[0;34m,[0m [0;34m'liquid_hydrogen'[0m[0;34m)[0m[0;34m[0m[0;34m[0m[0m
[0m[1;32m      4[0m [0mh2[0m[0;34m.[0m[0mTP[0m [0;34m=[0m [0;36m20.270[0m[0;34m,[0m [0;36m20477430[0m[0;34m[0m[0;34m[0m[0m
[1;32m      5[0m [0;34m[0m[0m

[0;32minterfaces/cython/cantera/base.pyx[0m in [0;36mcantera._cantera._SolutionBase.__cinit__[0;34m()[0m

[0;32minterfaces/cython/cantera/base.pyx[0m in [0;36mcantera._cantera._SolutionBase._init_yaml[0;34m()[0m

[0;31mCanteraError[0m: 
***********************************************************************
CanteraError thrown by Application::findInputFile:

Input file test.yaml not found in directories 
'.', 
'/usr/share/miniconda/envs/rocket-env/lib/python3.8/site-packages/cantera/data', 
'/usr/share/miniconda/envs/rocket-env/share/cantera/data'

To fix this problem, either:
    a) move the missing files into the local directory;
    b) define environment variable CANTERA_DATA to
         point to the directory containing the file.
***********************************************************************

CanteraError: 
***********************************************************************
CanteraError thrown by Application::findInputFile:

Input file test.yaml not found in directories 
'.', 
'/usr/share/miniconda/envs/rocket-env/lib/python3.8/site-packages/cantera/data', 
'/usr/share/miniconda/envs/rocket-env/share/cantera/data'

To fix this problem, either:
    a) move the missing files into the local directory;
    b) define environment variable CANTERA_DATA to
         point to the directory containing the file.
***********************************************************************


